<?xml version="1.0" encoding="UTF-8"?>
<!-- Generated by org.testng.reporters.JUnitReportReporter -->
<testsuite hostname="DESKTOP-S7SOFT1" failures="0" tests="1" name="com.qa.pagetests.LoginPageTest" time="14.547" errors="0" timestamp="2022-08-24T18:14:45 IST" skipped="0">
  <testcase classname="com.qa.pagetests.LoginPageTest" name="verifyLogin" time="14.547"/>
  <system-out/>
</testsuite> <!-- com.qa.pagetests.LoginPageTest -->
